/home/hanan/miniconda3/envs/videopolicy/lib/python3.10/site-packages/lightning_fabric/__init__.py:40: pkg_resources is deprecated as an API. See https://setuptools.pypa.io/en/latest/pkg_resources.html. The pkg_resources package is slated for removal as early as 2025-11-30. Refrain from using this package or pin to Setuptools<81.
/home/hanan/miniconda3/envs/videopolicy/lib/python3.10/site-packages/timm/models/layers/__init__.py:48: FutureWarning: Importing from timm.models.layers is deprecated, please import via timm.layers
  warnings.warn(f"Importing from {__name__} is deprecated, please import via timm.layers", FutureWarning)
[robosuite WARNING] No private macro file found! (macros.py:57)
[robosuite WARNING] It is recommended to use a private macro file (macros.py:58)
[robosuite WARNING] To setup, run: python /home/hanan/dev/videopolicy/packages/robosuite/robosuite/scripts/setup_macros.py (macros.py:59)
[robosuite WARNING] Could not import robosuite_models. Some robots may not be available. If you want to use these robots, please install robosuite_models from source (https://github.com/ARISE-Initiative/robosuite_models) or through pip install. (__init__.py:30)
WARNING: mimicgen environments not imported since mimicgen is not installed!
VideoTransformerBlock is using checkpointing
VideoTransformerBlock is using checkpointing
VideoTransformerBlock is using checkpointing
VideoTransformerBlock is using checkpointing
VideoTransformerBlock is using checkpointing
VideoTransformerBlock is using checkpointing
VideoTransformerBlock is using checkpointing
VideoTransformerBlock is using checkpointing
VideoTransformerBlock is using checkpointing
VideoTransformerBlock is using checkpointing
VideoTransformerBlock is using checkpointing
VideoTransformerBlock is using checkpointing
VideoTransformerBlock is using checkpointing
VideoTransformerBlock is using checkpointing
VideoTransformerBlock is using checkpointing
VideoTransformerBlock is using checkpointing
Total number of parameters in action diffusion model: 1.613591e+08
Total number of parameters in vision encoder: 205812616
Initialized embedder #0: FrozenOpenCLIPImagePredictionEmbedder with 354032641 params. Trainable: False
Initialized embedder #1: ConcatTimestepEmbedderND with 0 params. Trainable: False
Initialized embedder #2: ConcatTimestepEmbedderND with 0 params. Trainable: False
Initialized embedder #3: VideoPredictionEmbedderWithEncoder with 83653863 params. Trainable: False
Initialized embedder #4: ConcatTimestepEmbedderND with 0 params. Trainable: False
Restored from /home/hanan/videopolicy/video_model/checkpoints/stage_2_trained_step_369k.ckpt with 294 missing and 0 unexpected keys
Missing Keys: ['conditioner.embedders.0.open_clip.model.positional_embedding', 'conditioner.embedders.0.open_clip.model.text_projection', 'conditioner.embedders.0.open_clip.model.logit_scale', 'conditioner.embedders.0.open_clip.model.transformer.resblocks.0.ln_1.weight', 'conditioner.embedders.0.open_clip.model.transformer.resblocks.0.ln_1.bias', 'conditioner.embedders.0.open_clip.model.transformer.resblocks.0.attn.in_proj_weight', 'conditioner.embedders.0.open_clip.model.transformer.resblocks.0.attn.in_proj_bias', 'conditioner.embedders.0.open_clip.model.transformer.resblocks.0.attn.out_proj.weight', 'conditioner.embedders.0.open_clip.model.transformer.resblocks.0.attn.out_proj.bias', 'conditioner.embedders.0.open_clip.model.transformer.resblocks.0.ln_2.weight', 'conditioner.embedders.0.open_clip.model.transformer.resblocks.0.ln_2.bias', 'conditioner.embedders.0.open_clip.model.transformer.resblocks.0.mlp.c_fc.weight', 'conditioner.embedders.0.open_clip.model.transformer.resblocks.0.mlp.c_fc.bias', 'conditioner.embedders.0.open_clip.model.transformer.resblocks.0.mlp.c_proj.weight', 'conditioner.embedders.0.open_clip.model.transformer.resblocks.0.mlp.c_proj.bias', 'conditioner.embedders.0.open_clip.model.transformer.resblocks.1.ln_1.weight', 'conditioner.embedders.0.open_clip.model.transformer.resblocks.1.ln_1.bias', 'conditioner.embedders.0.open_clip.model.transformer.resblocks.1.attn.in_proj_weight', 'conditioner.embedders.0.open_clip.model.transformer.resblocks.1.attn.in_proj_bias', 'conditioner.embedders.0.open_clip.model.transformer.resblocks.1.attn.out_proj.weight', 'conditioner.embedders.0.open_clip.model.transformer.resblocks.1.attn.out_proj.bias', 'conditioner.embedders.0.open_clip.model.transformer.resblocks.1.ln_2.weight', 'conditioner.embedders.0.open_clip.model.transformer.resblocks.1.ln_2.bias', 'conditioner.embedders.0.open_clip.model.transformer.resblocks.1.mlp.c_fc.weight', 'conditioner.embedders.0.open_clip.model.transformer.resblocks.1.mlp.c_fc.bias', 'conditioner.embedders.0.open_clip.model.transformer.resblocks.1.mlp.c_proj.weight', 'conditioner.embedders.0.open_clip.model.transformer.resblocks.1.mlp.c_proj.bias', 'conditioner.embedders.0.open_clip.model.transformer.resblocks.2.ln_1.weight', 'conditioner.embedders.0.open_clip.model.transformer.resblocks.2.ln_1.bias', 'conditioner.embedders.0.open_clip.model.transformer.resblocks.2.attn.in_proj_weight', 'conditioner.embedders.0.open_clip.model.transformer.resblocks.2.attn.in_proj_bias', 'conditioner.embedders.0.open_clip.model.transformer.resblocks.2.attn.out_proj.weight', 'conditioner.embedders.0.open_clip.model.transformer.resblocks.2.attn.out_proj.bias', 'conditioner.embedders.0.open_clip.model.transformer.resblocks.2.ln_2.weight', 'conditioner.embedders.0.open_clip.model.transformer.resblocks.2.ln_2.bias', 'conditioner.embedders.0.open_clip.model.transformer.resblocks.2.mlp.c_fc.weight', 'conditioner.embedders.0.open_clip.model.transformer.resblocks.2.mlp.c_fc.bias', 'conditioner.embedders.0.open_clip.model.transformer.resblocks.2.mlp.c_proj.weight', 'conditioner.embedders.0.open_clip.model.transformer.resblocks.2.mlp.c_proj.bias', 'conditioner.embedders.0.open_clip.model.transformer.resblocks.3.ln_1.weight', 'conditioner.embedders.0.open_clip.model.transformer.resblocks.3.ln_1.bias', 'conditioner.embedders.0.open_clip.model.transformer.resblocks.3.attn.in_proj_weight', 'conditioner.embedders.0.open_clip.model.transformer.resblocks.3.attn.in_proj_bias', 'conditioner.embedders.0.open_clip.model.transformer.resblocks.3.attn.out_proj.weight', 'conditioner.embedders.0.open_clip.model.transformer.resblocks.3.attn.out_proj.bias', 'conditioner.embedders.0.open_clip.model.transformer.resblocks.3.ln_2.weight', 'conditioner.embedders.0.open_clip.model.transformer.resblocks.3.ln_2.bias', 'conditioner.embedders.0.open_clip.model.transformer.resblocks.3.mlp.c_fc.weight', 'conditioner.embedders.0.open_clip.model.transformer.resblocks.3.mlp.c_fc.bias', 'conditioner.embedders.0.open_clip.model.transformer.resblocks.3.mlp.c_proj.weight', 'conditioner.embedders.0.open_clip.model.transformer.resblocks.3.mlp.c_proj.bias', 'conditioner.embedders.0.open_clip.model.transformer.resblocks.4.ln_1.weight', 'conditioner.embedders.0.open_clip.model.transformer.resblocks.4.ln_1.bias', 'conditioner.embedders.0.open_clip.model.transformer.resblocks.4.attn.in_proj_weight', 'conditioner.embedders.0.open_clip.model.transformer.resblocks.4.attn.in_proj_bias', 'conditioner.embedders.0.open_clip.model.transformer.resblocks.4.attn.out_proj.weight', 'conditioner.embedders.0.open_clip.model.transformer.resblocks.4.attn.out_proj.bias', 'conditioner.embedders.0.open_clip.model.transformer.resblocks.4.ln_2.weight', 'conditioner.embedders.0.open_clip.model.transformer.resblocks.4.ln_2.bias', 'conditioner.embedders.0.open_clip.model.transformer.resblocks.4.mlp.c_fc.weight', 'conditioner.embedders.0.open_clip.model.transformer.resblocks.4.mlp.c_fc.bias', 'conditioner.embedders.0.open_clip.model.transformer.resblocks.4.mlp.c_proj.weight', 'conditioner.embedders.0.open_clip.model.transformer.resblocks.4.mlp.c_proj.bias', 'conditioner.embedders.0.open_clip.model.transformer.resblocks.5.ln_1.weight', 'conditioner.embedders.0.open_clip.model.transformer.resblocks.5.ln_1.bias', 'conditioner.embedders.0.open_clip.model.transformer.resblocks.5.attn.in_proj_weight', 'conditioner.embedders.0.open_clip.model.transformer.resblocks.5.attn.in_proj_bias', 'conditioner.embedders.0.open_clip.model.transformer.resblocks.5.attn.out_proj.weight', 'conditioner.embedders.0.open_clip.model.transformer.resblocks.5.attn.out_proj.bias', 'conditioner.embedders.0.open_clip.model.transformer.resblocks.5.ln_2.weight', 'conditioner.embedders.0.open_clip.model.transformer.resblocks.5.ln_2.bias', 'conditioner.embedders.0.open_clip.model.transformer.resblocks.5.mlp.c_fc.weight', 'conditioner.embedders.0.open_clip.model.transformer.resblocks.5.mlp.c_fc.bias', 'conditioner.embedders.0.open_clip.model.transformer.resblocks.5.mlp.c_proj.weight', 'conditioner.embedders.0.open_clip.model.transformer.resblocks.5.mlp.c_proj.bias', 'conditioner.embedders.0.open_clip.model.transformer.resblocks.6.ln_1.weight', 'conditioner.embedders.0.open_clip.model.transformer.resblocks.6.ln_1.bias', 'conditioner.embedders.0.open_clip.model.transformer.resblocks.6.attn.in_proj_weight', 'conditioner.embedders.0.open_clip.model.transformer.resblocks.6.attn.in_proj_bias', 'conditioner.embedders.0.open_clip.model.transformer.resblocks.6.attn.out_proj.weight', 'conditioner.embedders.0.open_clip.model.transformer.resblocks.6.attn.out_proj.bias', 'conditioner.embedders.0.open_clip.model.transformer.resblocks.6.ln_2.weight', 'conditioner.embedders.0.open_clip.model.transformer.resblocks.6.ln_2.bias', 'conditioner.embedders.0.open_clip.model.transformer.resblocks.6.mlp.c_fc.weight', 'conditioner.embedders.0.open_clip.model.transformer.resblocks.6.mlp.c_fc.bias', 'conditioner.embedders.0.open_clip.model.transformer.resblocks.6.mlp.c_proj.weight', 'conditioner.embedders.0.open_clip.model.transformer.resblocks.6.mlp.c_proj.bias', 'conditioner.embedders.0.open_clip.model.transformer.resblocks.7.ln_1.weight', 'conditioner.embedders.0.open_clip.model.transformer.resblocks.7.ln_1.bias', 'conditioner.embedders.0.open_clip.model.transformer.resblocks.7.attn.in_proj_weight', 'conditioner.embedders.0.open_clip.model.transformer.resblocks.7.attn.in_proj_bias', 'conditioner.embedders.0.open_clip.model.transformer.resblocks.7.attn.out_proj.weight', 'conditioner.embedders.0.open_clip.model.transformer.resblocks.7.attn.out_proj.bias', 'conditioner.embedders.0.open_clip.model.transformer.resblocks.7.ln_2.weight', 'conditioner.embedders.0.open_clip.model.transformer.resblocks.7.ln_2.bias', 'conditioner.embedders.0.open_clip.model.transformer.resblocks.7.mlp.c_fc.weight', 'conditioner.embedders.0.open_clip.model.transformer.resblocks.7.mlp.c_fc.bias', 'conditioner.embedders.0.open_clip.model.transformer.resblocks.7.mlp.c_proj.weight', 'conditioner.embedders.0.open_clip.model.transformer.resblocks.7.mlp.c_proj.bias', 'conditioner.embedders.0.open_clip.model.transformer.resblocks.8.ln_1.weight', 'conditioner.embedders.0.open_clip.model.transformer.resblocks.8.ln_1.bias', 'conditioner.embedders.0.open_clip.model.transformer.resblocks.8.attn.in_proj_weight', 'conditioner.embedders.0.open_clip.model.transformer.resblocks.8.attn.in_proj_bias', 'conditioner.embedders.0.open_clip.model.transformer.resblocks.8.attn.out_proj.weight', 'conditioner.embedders.0.open_clip.model.transformer.resblocks.8.attn.out_proj.bias', 'conditioner.embedders.0.open_clip.model.transformer.resblocks.8.ln_2.weight', 'conditioner.embedders.0.open_clip.model.transformer.resblocks.8.ln_2.bias', 'conditioner.embedders.0.open_clip.model.transformer.resblocks.8.mlp.c_fc.weight', 'conditioner.embedders.0.open_clip.model.transformer.resblocks.8.mlp.c_fc.bias', 'conditioner.embedders.0.open_clip.model.transformer.resblocks.8.mlp.c_proj.weight', 'conditioner.embedders.0.open_clip.model.transformer.resblocks.8.mlp.c_proj.bias', 'conditioner.embedders.0.open_clip.model.transformer.resblocks.9.ln_1.weight', 'conditioner.embedders.0.open_clip.model.transformer.resblocks.9.ln_1.bias', 'conditioner.embedders.0.open_clip.model.transformer.resblocks.9.attn.in_proj_weight', 'conditioner.embedders.0.open_clip.model.transformer.resblocks.9.attn.in_proj_bias', 'conditioner.embedders.0.open_clip.model.transformer.resblocks.9.attn.out_proj.weight', 'conditioner.embedders.0.open_clip.model.transformer.resblocks.9.attn.out_proj.bias', 'conditioner.embedders.0.open_clip.model.transformer.resblocks.9.ln_2.weight', 'conditioner.embedders.0.open_clip.model.transformer.resblocks.9.ln_2.bias', 'conditioner.embedders.0.open_clip.model.transformer.resblocks.9.mlp.c_fc.weight', 'conditioner.embedders.0.open_clip.model.transformer.resblocks.9.mlp.c_fc.bias', 'conditioner.embedders.0.open_clip.model.transformer.resblocks.9.mlp.c_proj.weight', 'conditioner.embedders.0.open_clip.model.transformer.resblocks.9.mlp.c_proj.bias', 'conditioner.embedders.0.open_clip.model.transformer.resblocks.10.ln_1.weight', 'conditioner.embedders.0.open_clip.model.transformer.resblocks.10.ln_1.bias', 'conditioner.embedders.0.open_clip.model.transformer.resblocks.10.attn.in_proj_weight', 'conditioner.embedders.0.open_clip.model.transformer.resblocks.10.attn.in_proj_bias', 'conditioner.embedders.0.open_clip.model.transformer.resblocks.10.attn.out_proj.weight', 'conditioner.embedders.0.open_clip.model.transformer.resblocks.10.attn.out_proj.bias', 'conditioner.embedders.0.open_clip.model.transformer.resblocks.10.ln_2.weight', 'conditioner.embedders.0.open_clip.model.transformer.resblocks.10.ln_2.bias', 'conditioner.embedders.0.open_clip.model.transformer.resblocks.10.mlp.c_fc.weight', 'conditioner.embedders.0.open_clip.model.transformer.resblocks.10.mlp.c_fc.bias', 'conditioner.embedders.0.open_clip.model.transformer.resblocks.10.mlp.c_proj.weight', 'conditioner.embedders.0.open_clip.model.transformer.resblocks.10.mlp.c_proj.bias', 'conditioner.embedders.0.open_clip.model.transformer.resblocks.11.ln_1.weight', 'conditioner.embedders.0.open_clip.model.transformer.resblocks.11.ln_1.bias', 'conditioner.embedders.0.open_clip.model.transformer.resblocks.11.attn.in_proj_weight', 'conditioner.embedders.0.open_clip.model.transformer.resblocks.11.attn.in_proj_bias', 'conditioner.embedders.0.open_clip.model.transformer.resblocks.11.attn.out_proj.weight', 'conditioner.embedders.0.open_clip.model.transformer.resblocks.11.attn.out_proj.bias', 'conditioner.embedders.0.open_clip.model.transformer.resblocks.11.ln_2.weight', 'conditioner.embedders.0.open_clip.model.transformer.resblocks.11.ln_2.bias', 'conditioner.embedders.0.open_clip.model.transformer.resblocks.11.mlp.c_fc.weight', 'conditioner.embedders.0.open_clip.model.transformer.resblocks.11.mlp.c_fc.bias', 'conditioner.embedders.0.open_clip.model.transformer.resblocks.11.mlp.c_proj.weight', 'conditioner.embedders.0.open_clip.model.transformer.resblocks.11.mlp.c_proj.bias', 'conditioner.embedders.0.open_clip.model.transformer.resblocks.12.ln_1.weight', 'conditioner.embedders.0.open_clip.model.transformer.resblocks.12.ln_1.bias', 'conditioner.embedders.0.open_clip.model.transformer.resblocks.12.attn.in_proj_weight', 'conditioner.embedders.0.open_clip.model.transformer.resblocks.12.attn.in_proj_bias', 'conditioner.embedders.0.open_clip.model.transformer.resblocks.12.attn.out_proj.weight', 'conditioner.embedders.0.open_clip.model.transformer.resblocks.12.attn.out_proj.bias', 'conditioner.embedders.0.open_clip.model.transformer.resblocks.12.ln_2.weight', 'conditioner.embedders.0.open_clip.model.transformer.resblocks.12.ln_2.bias', 'conditioner.embedders.0.open_clip.model.transformer.resblocks.12.mlp.c_fc.weight', 'conditioner.embedders.0.open_clip.model.transformer.resblocks.12.mlp.c_fc.bias', 'conditioner.embedders.0.open_clip.model.transformer.resblocks.12.mlp.c_proj.weight', 'conditioner.embedders.0.open_clip.model.transformer.resblocks.12.mlp.c_proj.bias', 'conditioner.embedders.0.open_clip.model.transformer.resblocks.13.ln_1.weight', 'conditioner.embedders.0.open_clip.model.transformer.resblocks.13.ln_1.bias', 'conditioner.embedders.0.open_clip.model.transformer.resblocks.13.attn.in_proj_weight', 'conditioner.embedders.0.open_clip.model.transformer.resblocks.13.attn.in_proj_bias', 'conditioner.embedders.0.open_clip.model.transformer.resblocks.13.attn.out_proj.weight', 'conditioner.embedders.0.open_clip.model.transformer.resblocks.13.attn.out_proj.bias', 'conditioner.embedders.0.open_clip.model.transformer.resblocks.13.ln_2.weight', 'conditioner.embedders.0.open_clip.model.transformer.resblocks.13.ln_2.bias', 'conditioner.embedders.0.open_clip.model.transformer.resblocks.13.mlp.c_fc.weight', 'conditioner.embedders.0.open_clip.model.transformer.resblocks.13.mlp.c_fc.bias', 'conditioner.embedders.0.open_clip.model.transformer.resblocks.13.mlp.c_proj.weight', 'conditioner.embedders.0.open_clip.model.transformer.resblocks.13.mlp.c_proj.bias', 'conditioner.embedders.0.open_clip.model.transformer.resblocks.14.ln_1.weight', 'conditioner.embedders.0.open_clip.model.transformer.resblocks.14.ln_1.bias', 'conditioner.embedders.0.open_clip.model.transformer.resblocks.14.attn.in_proj_weight', 'conditioner.embedders.0.open_clip.model.transformer.resblocks.14.attn.in_proj_bias', 'conditioner.embedders.0.open_clip.model.transformer.resblocks.14.attn.out_proj.weight', 'conditioner.embedders.0.open_clip.model.transformer.resblocks.14.attn.out_proj.bias', 'conditioner.embedders.0.open_clip.model.transformer.resblocks.14.ln_2.weight', 'conditioner.embedders.0.open_clip.model.transformer.resblocks.14.ln_2.bias', 'conditioner.embedders.0.open_clip.model.transformer.resblocks.14.mlp.c_fc.weight', 'conditioner.embedders.0.open_clip.model.transformer.resblocks.14.mlp.c_fc.bias', 'conditioner.embedders.0.open_clip.model.transformer.resblocks.14.mlp.c_proj.weight', 'conditioner.embedders.0.open_clip.model.transformer.resblocks.14.mlp.c_proj.bias', 'conditioner.embedders.0.open_clip.model.transformer.resblocks.15.ln_1.weight', 'conditioner.embedders.0.open_clip.model.transformer.resblocks.15.ln_1.bias', 'conditioner.embedders.0.open_clip.model.transformer.resblocks.15.attn.in_proj_weight', 'conditioner.embedders.0.open_clip.model.transformer.resblocks.15.attn.in_proj_bias', 'conditioner.embedders.0.open_clip.model.transformer.resblocks.15.attn.out_proj.weight', 'conditioner.embedders.0.open_clip.model.transformer.resblocks.15.attn.out_proj.bias', 'conditioner.embedders.0.open_clip.model.transformer.resblocks.15.ln_2.weight', 'conditioner.embedders.0.open_clip.model.transformer.resblocks.15.ln_2.bias', 'conditioner.embedders.0.open_clip.model.transformer.resblocks.15.mlp.c_fc.weight', 'conditioner.embedders.0.open_clip.model.transformer.resblocks.15.mlp.c_fc.bias', 'conditioner.embedders.0.open_clip.model.transformer.resblocks.15.mlp.c_proj.weight', 'conditioner.embedders.0.open_clip.model.transformer.resblocks.15.mlp.c_proj.bias', 'conditioner.embedders.0.open_clip.model.transformer.resblocks.16.ln_1.weight', 'conditioner.embedders.0.open_clip.model.transformer.resblocks.16.ln_1.bias', 'conditioner.embedders.0.open_clip.model.transformer.resblocks.16.attn.in_proj_weight', 'conditioner.embedders.0.open_clip.model.transformer.resblocks.16.attn.in_proj_bias', 'conditioner.embedders.0.open_clip.model.transformer.resblocks.16.attn.out_proj.weight', 'conditioner.embedders.0.open_clip.model.transformer.resblocks.16.attn.out_proj.bias', 'conditioner.embedders.0.open_clip.model.transformer.resblocks.16.ln_2.weight', 'conditioner.embedders.0.open_clip.model.transformer.resblocks.16.ln_2.bias', 'conditioner.embedders.0.open_clip.model.transformer.resblocks.16.mlp.c_fc.weight', 'conditioner.embedders.0.open_clip.model.transformer.resblocks.16.mlp.c_fc.bias', 'conditioner.embedders.0.open_clip.model.transformer.resblocks.16.mlp.c_proj.weight', 'conditioner.embedders.0.open_clip.model.transformer.resblocks.16.mlp.c_proj.bias', 'conditioner.embedders.0.open_clip.model.transformer.resblocks.17.ln_1.weight', 'conditioner.embedders.0.open_clip.model.transformer.resblocks.17.ln_1.bias', 'conditioner.embedders.0.open_clip.model.transformer.resblocks.17.attn.in_proj_weight', 'conditioner.embedders.0.open_clip.model.transformer.resblocks.17.attn.in_proj_bias', 'conditioner.embedders.0.open_clip.model.transformer.resblocks.17.attn.out_proj.weight', 'conditioner.embedders.0.open_clip.model.transformer.resblocks.17.attn.out_proj.bias', 'conditioner.embedders.0.open_clip.model.transformer.resblocks.17.ln_2.weight', 'conditioner.embedders.0.open_clip.model.transformer.resblocks.17.ln_2.bias', 'conditioner.embedders.0.open_clip.model.transformer.resblocks.17.mlp.c_fc.weight', 'conditioner.embedders.0.open_clip.model.transformer.resblocks.17.mlp.c_fc.bias', 'conditioner.embedders.0.open_clip.model.transformer.resblocks.17.mlp.c_proj.weight', 'conditioner.embedders.0.open_clip.model.transformer.resblocks.17.mlp.c_proj.bias', 'conditioner.embedders.0.open_clip.model.transformer.resblocks.18.ln_1.weight', 'conditioner.embedders.0.open_clip.model.transformer.resblocks.18.ln_1.bias', 'conditioner.embedders.0.open_clip.model.transformer.resblocks.18.attn.in_proj_weight', 'conditioner.embedders.0.open_clip.model.transformer.resblocks.18.attn.in_proj_bias', 'conditioner.embedders.0.open_clip.model.transformer.resblocks.18.attn.out_proj.weight', 'conditioner.embedders.0.open_clip.model.transformer.resblocks.18.attn.out_proj.bias', 'conditioner.embedders.0.open_clip.model.transformer.resblocks.18.ln_2.weight', 'conditioner.embedders.0.open_clip.model.transformer.resblocks.18.ln_2.bias', 'conditioner.embedders.0.open_clip.model.transformer.resblocks.18.mlp.c_fc.weight', 'conditioner.embedders.0.open_clip.model.transformer.resblocks.18.mlp.c_fc.bias', 'conditioner.embedders.0.open_clip.model.transformer.resblocks.18.mlp.c_proj.weight', 'conditioner.embedders.0.open_clip.model.transformer.resblocks.18.mlp.c_proj.bias', 'conditioner.embedders.0.open_clip.model.transformer.resblocks.19.ln_1.weight', 'conditioner.embedders.0.open_clip.model.transformer.resblocks.19.ln_1.bias', 'conditioner.embedders.0.open_clip.model.transformer.resblocks.19.attn.in_proj_weight', 'conditioner.embedders.0.open_clip.model.transformer.resblocks.19.attn.in_proj_bias', 'conditioner.embedders.0.open_clip.model.transformer.resblocks.19.attn.out_proj.weight', 'conditioner.embedders.0.open_clip.model.transformer.resblocks.19.attn.out_proj.bias', 'conditioner.embedders.0.open_clip.model.transformer.resblocks.19.ln_2.weight', 'conditioner.embedders.0.open_clip.model.transformer.resblocks.19.ln_2.bias', 'conditioner.embedders.0.open_clip.model.transformer.resblocks.19.mlp.c_fc.weight', 'conditioner.embedders.0.open_clip.model.transformer.resblocks.19.mlp.c_fc.bias', 'conditioner.embedders.0.open_clip.model.transformer.resblocks.19.mlp.c_proj.weight', 'conditioner.embedders.0.open_clip.model.transformer.resblocks.19.mlp.c_proj.bias', 'conditioner.embedders.0.open_clip.model.transformer.resblocks.20.ln_1.weight', 'conditioner.embedders.0.open_clip.model.transformer.resblocks.20.ln_1.bias', 'conditioner.embedders.0.open_clip.model.transformer.resblocks.20.attn.in_proj_weight', 'conditioner.embedders.0.open_clip.model.transformer.resblocks.20.attn.in_proj_bias', 'conditioner.embedders.0.open_clip.model.transformer.resblocks.20.attn.out_proj.weight', 'conditioner.embedders.0.open_clip.model.transformer.resblocks.20.attn.out_proj.bias', 'conditioner.embedders.0.open_clip.model.transformer.resblocks.20.ln_2.weight', 'conditioner.embedders.0.open_clip.model.transformer.resblocks.20.ln_2.bias', 'conditioner.embedders.0.open_clip.model.transformer.resblocks.20.mlp.c_fc.weight', 'conditioner.embedders.0.open_clip.model.transformer.resblocks.20.mlp.c_fc.bias', 'conditioner.embedders.0.open_clip.model.transformer.resblocks.20.mlp.c_proj.weight', 'conditioner.embedders.0.open_clip.model.transformer.resblocks.20.mlp.c_proj.bias', 'conditioner.embedders.0.open_clip.model.transformer.resblocks.21.ln_1.weight', 'conditioner.embedders.0.open_clip.model.transformer.resblocks.21.ln_1.bias', 'conditioner.embedders.0.open_clip.model.transformer.resblocks.21.attn.in_proj_weight', 'conditioner.embedders.0.open_clip.model.transformer.resblocks.21.attn.in_proj_bias', 'conditioner.embedders.0.open_clip.model.transformer.resblocks.21.attn.out_proj.weight', 'conditioner.embedders.0.open_clip.model.transformer.resblocks.21.attn.out_proj.bias', 'conditioner.embedders.0.open_clip.model.transformer.resblocks.21.ln_2.weight', 'conditioner.embedders.0.open_clip.model.transformer.resblocks.21.ln_2.bias', 'conditioner.embedders.0.open_clip.model.transformer.resblocks.21.mlp.c_fc.weight', 'conditioner.embedders.0.open_clip.model.transformer.resblocks.21.mlp.c_fc.bias', 'conditioner.embedders.0.open_clip.model.transformer.resblocks.21.mlp.c_proj.weight', 'conditioner.embedders.0.open_clip.model.transformer.resblocks.21.mlp.c_proj.bias', 'conditioner.embedders.0.open_clip.model.transformer.resblocks.22.ln_1.weight', 'conditioner.embedders.0.open_clip.model.transformer.resblocks.22.ln_1.bias', 'conditioner.embedders.0.open_clip.model.transformer.resblocks.22.attn.in_proj_weight', 'conditioner.embedders.0.open_clip.model.transformer.resblocks.22.attn.in_proj_bias', 'conditioner.embedders.0.open_clip.model.transformer.resblocks.22.attn.out_proj.weight', 'conditioner.embedders.0.open_clip.model.transformer.resblocks.22.attn.out_proj.bias', 'conditioner.embedders.0.open_clip.model.transformer.resblocks.22.ln_2.weight', 'conditioner.embedders.0.open_clip.model.transformer.resblocks.22.ln_2.bias', 'conditioner.embedders.0.open_clip.model.transformer.resblocks.22.mlp.c_fc.weight', 'conditioner.embedders.0.open_clip.model.transformer.resblocks.22.mlp.c_fc.bias', 'conditioner.embedders.0.open_clip.model.transformer.resblocks.22.mlp.c_proj.weight', 'conditioner.embedders.0.open_clip.model.transformer.resblocks.22.mlp.c_proj.bias', 'conditioner.embedders.0.open_clip.model.transformer.resblocks.23.ln_1.weight', 'conditioner.embedders.0.open_clip.model.transformer.resblocks.23.ln_1.bias', 'conditioner.embedders.0.open_clip.model.transformer.resblocks.23.attn.in_proj_weight', 'conditioner.embedders.0.open_clip.model.transformer.resblocks.23.attn.in_proj_bias', 'conditioner.embedders.0.open_clip.model.transformer.resblocks.23.attn.out_proj.weight', 'conditioner.embedders.0.open_clip.model.transformer.resblocks.23.attn.out_proj.bias', 'conditioner.embedders.0.open_clip.model.transformer.resblocks.23.ln_2.weight', 'conditioner.embedders.0.open_clip.model.transformer.resblocks.23.ln_2.bias', 'conditioner.embedders.0.open_clip.model.transformer.resblocks.23.mlp.c_fc.weight', 'conditioner.embedders.0.open_clip.model.transformer.resblocks.23.mlp.c_fc.bias', 'conditioner.embedders.0.open_clip.model.transformer.resblocks.23.mlp.c_proj.weight', 'conditioner.embedders.0.open_clip.model.transformer.resblocks.23.mlp.c_proj.bias', 'conditioner.embedders.0.open_clip.model.token_embedding.weight', 'conditioner.embedders.0.open_clip.model.ln_final.weight', 'conditioner.embedders.0.open_clip.model.ln_final.bias']
[[-1.      -1.      -1.      -0.85429 -0.72571 -0.74571 -1.     ]]
[[1.      1.      1.      1.      0.96286 0.71429 1.     ]]
[robosuite INFO] Loading controller configuration from: /home/hanan/dev/videopolicy/packages/robosuite/robosuite/controllers/config/robots/default_pandaomron.json (composite_controller_factory.py:121)
INFO:robosuite_logs:Loading controller configuration from: /home/hanan/dev/videopolicy/packages/robosuite/robosuite/controllers/config/robots/default_pandaomron.json
[robosuite INFO] Loading controller configuration from: /home/hanan/dev/videopolicy/packages/robosuite/robosuite/controllers/config/robots/default_pandaomron.json (composite_controller_factory.py:121)
INFO:robosuite_logs:Loading controller configuration from: /home/hanan/dev/videopolicy/packages/robosuite/robosuite/controllers/config/robots/default_pandaomron.json
[robosuite INFO] Loading controller configuration from: /home/hanan/dev/videopolicy/packages/robosuite/robosuite/controllers/config/robots/default_pandaomron.json (composite_controller_factory.py:121)
INFO:robosuite_logs:Loading controller configuration from: /home/hanan/dev/videopolicy/packages/robosuite/robosuite/controllers/config/robots/default_pandaomron.json
[robosuite INFO] Loading controller configuration from: /home/hanan/dev/videopolicy/packages/robosuite/robosuite/controllers/config/robots/default_pandaomron.json (composite_controller_factory.py:121)
INFO:robosuite_logs:Loading controller configuration from: /home/hanan/dev/videopolicy/packages/robosuite/robosuite/controllers/config/robots/default_pandaomron.json
[robosuite INFO] Loading controller configuration from: /home/hanan/dev/videopolicy/packages/robosuite/robosuite/controllers/config/robots/default_pandaomron.json (composite_controller_factory.py:121)
INFO:robosuite_logs:Loading controller configuration from: /home/hanan/dev/videopolicy/packages/robosuite/robosuite/controllers/config/robots/default_pandaomron.json
[robosuite INFO] Loading controller configuration from: /home/hanan/dev/videopolicy/packages/robosuite/robosuite/controllers/config/robots/default_pandaomron.json (composite_controller_factory.py:121)
INFO:robosuite_logs:Loading controller configuration from: /home/hanan/dev/videopolicy/packages/robosuite/robosuite/controllers/config/robots/default_pandaomron.json
[robosuite INFO] Loading controller configuration from: /home/hanan/dev/videopolicy/packages/robosuite/robosuite/controllers/config/robots/default_pandaomron.json (composite_controller_factory.py:121)
INFO:robosuite_logs:Loading controller configuration from: /home/hanan/dev/videopolicy/packages/robosuite/robosuite/controllers/config/robots/default_pandaomron.json
[robosuite INFO] Loading controller configuration from: /home/hanan/dev/videopolicy/packages/robosuite/robosuite/controllers/config/robots/default_pandaomron.json (composite_controller_factory.py:121)
INFO:robosuite_logs:Loading controller configuration from: /home/hanan/dev/videopolicy/packages/robosuite/robosuite/controllers/config/robots/default_pandaomron.json
[robosuite INFO] Loading controller configuration from: /home/hanan/dev/videopolicy/packages/robosuite/robosuite/controllers/config/robots/default_pandaomron.json (composite_controller_factory.py:121)
INFO:robosuite_logs:Loading controller configuration from: /home/hanan/dev/videopolicy/packages/robosuite/robosuite/controllers/config/robots/default_pandaomron.json
[robosuite INFO] Loading controller configuration from: /home/hanan/dev/videopolicy/packages/robosuite/robosuite/controllers/config/robots/default_pandaomron.json (composite_controller_factory.py:121)
INFO:robosuite_logs:Loading controller configuration from: /home/hanan/dev/videopolicy/packages/robosuite/robosuite/controllers/config/robots/default_pandaomron.json
[robosuite INFO] Loading controller configuration from: /home/hanan/dev/videopolicy/packages/robosuite/robosuite/controllers/config/robots/default_pandaomron.json (composite_controller_factory.py:121)
INFO:robosuite_logs:Loading controller configuration from: /home/hanan/dev/videopolicy/packages/robosuite/robosuite/controllers/config/robots/default_pandaomron.json
[robosuite INFO] Loading controller configuration from: /home/hanan/dev/videopolicy/packages/robosuite/robosuite/controllers/config/robots/default_pandaomron.json (composite_controller_factory.py:121)
INFO:robosuite_logs:Loading controller configuration from: /home/hanan/dev/videopolicy/packages/robosuite/robosuite/controllers/config/robots/default_pandaomron.json
[robosuite INFO] Loading controller configuration from: /home/hanan/dev/videopolicy/packages/robosuite/robosuite/controllers/config/robots/default_pandaomron.json (composite_controller_factory.py:121)
INFO:robosuite_logs:Loading controller configuration from: /home/hanan/dev/videopolicy/packages/robosuite/robosuite/controllers/config/robots/default_pandaomron.json
[robosuite INFO] Loading controller configuration from: /home/hanan/dev/videopolicy/packages/robosuite/robosuite/controllers/config/robots/default_pandaomron.json (composite_controller_factory.py:121)
INFO:robosuite_logs:Loading controller configuration from: /home/hanan/dev/videopolicy/packages/robosuite/robosuite/controllers/config/robots/default_pandaomron.json
[robosuite INFO] Loading controller configuration from: /home/hanan/dev/videopolicy/packages/robosuite/robosuite/controllers/config/robots/default_pandaomron.json (composite_controller_factory.py:121)
INFO:robosuite_logs:Loading controller configuration from: /home/hanan/dev/videopolicy/packages/robosuite/robosuite/controllers/config/robots/default_pandaomron.json
[robosuite INFO] Loading controller configuration from: /home/hanan/dev/videopolicy/packages/robosuite/robosuite/controllers/config/robots/default_pandaomron.json (composite_controller_factory.py:121)
INFO:robosuite_logs:Loading controller configuration from: /home/hanan/dev/videopolicy/packages/robosuite/robosuite/controllers/config/robots/default_pandaomron.json
[robosuite INFO] Loading controller configuration from: /home/hanan/dev/videopolicy/packages/robosuite/robosuite/controllers/config/robots/default_pandaomron.json (composite_controller_factory.py:121)
INFO:robosuite_logs:Loading controller configuration from: /home/hanan/dev/videopolicy/packages/robosuite/robosuite/controllers/config/robots/default_pandaomron.json
[robosuite INFO] Loading controller configuration from: /home/hanan/dev/videopolicy/packages/robosuite/robosuite/controllers/config/robots/default_pandaomron.json (composite_controller_factory.py:121)
INFO:robosuite_logs:Loading controller configuration from: /home/hanan/dev/videopolicy/packages/robosuite/robosuite/controllers/config/robots/default_pandaomron.json
[robosuite INFO] Loading controller configuration from: /home/hanan/dev/videopolicy/packages/robosuite/robosuite/controllers/config/robots/default_pandaomron.json (composite_controller_factory.py:121)
INFO:robosuite_logs:Loading controller configuration from: /home/hanan/dev/videopolicy/packages/robosuite/robosuite/controllers/config/robots/default_pandaomron.json
[robosuite INFO] Loading controller configuration from: /home/hanan/dev/videopolicy/packages/robosuite/robosuite/controllers/config/robots/default_pandaomron.json (composite_controller_factory.py:121)
INFO:robosuite_logs:Loading controller configuration from: /home/hanan/dev/videopolicy/packages/robosuite/robosuite/controllers/config/robots/default_pandaomron.json
[robosuite INFO] Loading controller configuration from: /home/hanan/dev/videopolicy/packages/robosuite/robosuite/controllers/config/robots/default_pandaomron.json (composite_controller_factory.py:121)
INFO:robosuite_logs:Loading controller configuration from: /home/hanan/dev/videopolicy/packages/robosuite/robosuite/controllers/config/robots/default_pandaomron.json
[robosuite INFO] Loading controller configuration from: /home/hanan/dev/videopolicy/packages/robosuite/robosuite/controllers/config/robots/default_pandaomron.json (composite_controller_factory.py:121)
INFO:robosuite_logs:Loading controller configuration from: /home/hanan/dev/videopolicy/packages/robosuite/robosuite/controllers/config/robots/default_pandaomron.json
[robosuite INFO] Loading controller configuration from: /home/hanan/dev/videopolicy/packages/robosuite/robosuite/controllers/config/robots/default_pandaomron.json (composite_controller_factory.py:121)
INFO:robosuite_logs:Loading controller configuration from: /home/hanan/dev/videopolicy/packages/robosuite/robosuite/controllers/config/robots/default_pandaomron.json
Experiment record already exists.
JSON file 'experiments/example_inference/multi_environment_experiment_record.json' updated successfully.
0
1
2
3
4
5
6
7
8
9
10
11
12
13
14
15
16
17
18
19
20
21
22
23
24
25
26
27
28
29
30
31
32
33
34
35
36
37
38
39
40
41
42
43
44
45
46
47
48
49
50
51
52
53
54
55
56
57
58
59
60
61
Saved video to experiments/example_inference/PnPMicrowaveToCounter_demo_0.mp4
JSON file 'experiments/example_inference/multi_environment_experiment_record.json' updated successfully.
0
1
2
3
4
5
6
7
8
9
10
11
12
13
14
15
16
17
18
19
20
21
22
23
24
25
26
27
28
29
30
31
32
33
34
35
36
37
38
39
40
41
42
43
44
45
46
47
48
49
50
51
52
53
54
55
56
57
58
59
60
61
Saved video to experiments/example_inference/PnPMicrowaveToCounter_demo_1.mp4
JSON file 'experiments/example_inference/multi_environment_experiment_record.json' updated successfully.
0
1
2
3
4
5
6
7
8
9
10
11
12
13
14
15
16
17
18
19
20
21
22
23
24
25
26
27
28
29
30
31
32
33
34
35
36
37
38
39
40
41
42
43
44
45
46
47
48
49
50
51
52
53
54
55
56
57
58
59
60
61
Saved video to experiments/example_inference/PnPMicrowaveToCounter_demo_2.mp4
JSON file 'experiments/example_inference/multi_environment_experiment_record.json' updated successfully.
0
1
2
3
4
5
6
7
8
9
10
11
12
13
14
15
16
17
18
19
20
21
22
23
24
25
26
27
28
29
30
31
32
33
34
35
36
37
38
39
40
41
42
43
44
45
46
47
48
49
50
51
52
53
54
55
56
57
58
59
60
61
Saved video to experiments/example_inference/PnPMicrowaveToCounter_demo_3.mp4
JSON file 'experiments/example_inference/multi_environment_experiment_record.json' updated successfully.
0
1
2
3
4
5
6
7
8
9
10
11
12
13
14
15
16
17
18
19
20
21
22
23
24
25
26
27
28
29
30
31
32
33
34
35
36
37
38
39
40
41
42
43
44
45
46
47
48
49
50
51
52
53
54
55
56
57
58
59
60
61
Saved video to experiments/example_inference/PnPMicrowaveToCounter_demo_4.mp4
JSON file 'experiments/example_inference/multi_environment_experiment_record.json' updated successfully.
0
1
2
3
4
5
6
7
8
9
10
11
12
13
14
15
16
17
18
19
20
21
22
23
24
25
26
27
28
29
30
31
32
33
34
35
36
37
38
39
40
41
42
43
44
45
46
47
48
49
50
51
52
53
54
55
56
57
58
59
60
61
Saved video to experiments/example_inference/PnPMicrowaveToCounter_demo_5.mp4
JSON file 'experiments/example_inference/multi_environment_experiment_record.json' updated successfully.
0
1
2
3
4
5
6
7
8
9
10
11
12
13
14
15
16
17
18
19
20
21
22
23
24
25
26
27
28
29
30
31
32
33
34
35
36
37
38
39
40
41
42
43
44
45
46
47
48
49
50
51
52
53
54
55
56
57
58
59
60
61
Saved video to experiments/example_inference/PnPMicrowaveToCounter_demo_6.mp4
JSON file 'experiments/example_inference/multi_environment_experiment_record.json' updated successfully.
0
1
2
3
4
5
6
7
8
9
10
11
12
13
14
15
16
17
18
19
20
21
22
23
24
25
26
27
28
29
30
31
32
33
34
35
36
37
38
39
40
41
42
43
44
45
46
47
48
49
50
51
52
53
54
55
56
57
58
59
60
61
Saved video to experiments/example_inference/PnPMicrowaveToCounter_demo_7.mp4
JSON file 'experiments/example_inference/multi_environment_experiment_record.json' updated successfully.
0
1
2
3
4
5
6
7
8
9
10
11
12
13
14
15
16
17
18
19
20
21
22
23
24
25
26
27
28
29
30
31
32
33
34
35
36
37
38
39
40
41
42
43
44
45
46
47
48
49
50
51
52
53
54
55
56
57
58
59
60
61
Saved video to experiments/example_inference/PnPMicrowaveToCounter_demo_8.mp4
JSON file 'experiments/example_inference/multi_environment_experiment_record.json' updated successfully.
0
1
2
3
4
5
6
7
8
9
10
11
12
13
14
15
16
17
18
19
20
21
22
23
24
25
26
27
28
29
30
31
32
33
34
35
36
37
38
39
40
41
42
43
44
45
46
47
48
49
50
51
52
53
54
55
56
57
58
59
60
61
Saved video to experiments/example_inference/PnPMicrowaveToCounter_demo_9.mp4
JSON file 'experiments/example_inference/multi_environment_experiment_record.json' updated successfully.
0
1
2
3
4
5
6
7
8
9
10
11
12
13
14
15
16
17
18
19
20
21
22
23
24
25
26
27
28
29
30
31
32
33
34
35
36
37
38
39
40
41
42
43
44
45
46
47
48
49
50
51
52
53
54
55
56
57
58
59
60
61
Saved video to experiments/example_inference/PnPMicrowaveToCounter_demo_10.mp4
JSON file 'experiments/example_inference/multi_environment_experiment_record.json' updated successfully.
0
1
2
3
4
5
6
7
8
9
10
11
12
13
14
15
16
17
18
19
20
21
22
23
24
25
26
27
28
29
30
31
32
33
34
35
36
37
38
39
40
41
42
43
44
45
46
47
48
49
50
51
52
53
54
55
56
57
58
59
60
61
Saved video to experiments/example_inference/PnPMicrowaveToCounter_demo_11.mp4
JSON file 'experiments/example_inference/multi_environment_experiment_record.json' updated successfully.
0
1
2
3
4
5
6
7
8
9
10
11
12
13
14
15
16
17
18
19
20
21
22
23
24
25
26
27
28
29
30
31
32
33
34
35
36
37
38
39
40
41
42
43
44
45
46
47
48
49
50
51
52
53
54
55
56
57
58
59
60
61
Saved video to experiments/example_inference/PnPMicrowaveToCounter_demo_12.mp4
JSON file 'experiments/example_inference/multi_environment_experiment_record.json' updated successfully.
0
1
2
3
4
5
6
7
8
9
10
11
12
13
14
15
16
17
18
19
20
21
22
23
24
25
26
27
28
29
30
31
32
33
34
35
36
37
38
39
40
41
42
43
44
45
46
47
48
49
50
51
52
53
54
55
56
57
58
59
60
61
Saved video to experiments/example_inference/PnPMicrowaveToCounter_demo_13.mp4
JSON file 'experiments/example_inference/multi_environment_experiment_record.json' updated successfully.
0
1
2
3
4
5
6
7
8
9
10
11
12
13
14
15
16
17
18
19
20
21
22
23
24
25
26
27
28
29
30
31
32
33
34
35
36
37
38
39
40
41
42
43
44
45
46
47
48
49
50
51
52
53
54
55
56
57
58
59
60
61
Saved video to experiments/example_inference/PnPMicrowaveToCounter_demo_14.mp4
JSON file 'experiments/example_inference/multi_environment_experiment_record.json' updated successfully.
0
1
2
3
4
5
6
7
8
9
10
11
12
13
14
15
16
17
18
19
20
21
22
23
24
25
26
27
28
29
30
31
32
33
34
35
36
37
38
39
40
41
42
43
44
45
46
47
48
49
50
51
52
53
54
55
56
57
58
59
60
61
Saved video to experiments/example_inference/PnPMicrowaveToCounter_demo_15.mp4
JSON file 'experiments/example_inference/multi_environment_experiment_record.json' updated successfully.
0
1
2
3
4
5
6
7
8
9
10
11
12
13
14
15
16
17
18
19
20
21
22
23
24
25
26
27
28
29
30
31
32
33
34
35
36
37
38
39
40
41
42
43
44
45
46
47
48
49
50
51
52
53
54
55
56
57
58
59
60
61
Saved video to experiments/example_inference/PnPMicrowaveToCounter_demo_16.mp4
JSON file 'experiments/example_inference/multi_environment_experiment_record.json' updated successfully.
0
1
2
3
4
5
6
7
8
9
10
11
12
13
14
15
16
17
18
19
20
21
22
23
24
25
26
27
28
29
30
31
32
33
34
35
36
37
38
39
40
41
42
43
44
45
46
47
48
49
50
51
52
53
54
55
56
57
58
59
60
61
Saved video to experiments/example_inference/PnPMicrowaveToCounter_demo_17.mp4
JSON file 'experiments/example_inference/multi_environment_experiment_record.json' updated successfully.
0
1
2
3
4
5
6
7
8
9
10
11
12
13
14
15
16
17
18
19
20
21
22
23
24
25
26
27
28
29
30
31
32
33
34
35
36
37
38
39
40
41
42
43
44
45
46
47
48
49
50
51
52
53
54
55
56
57
58
59
60
61
Saved video to experiments/example_inference/PnPMicrowaveToCounter_demo_18.mp4
JSON file 'experiments/example_inference/multi_environment_experiment_record.json' updated successfully.
0
1
2
3
4
5
6
7
8
9
10
11
12
13
14
15
16
17
18
19
20
21
22
23
24
25
26
27
28
29
30
31
32
33
34
35
36
37
38
39
40
41
42
43
44
45
46
47
48
49
50
51
52
53
54
55
56
57
58
59
60
61
Saved video to experiments/example_inference/PnPMicrowaveToCounter_demo_19.mp4
JSON file 'experiments/example_inference/multi_environment_experiment_record.json' updated successfully.
0
1
2
3
4
5
6
7
8
9
10
11
12
13
14
15
16
17
18
19
20
21
22
23
24
25
26
27
28
29
30
31
32
33
34
35
36
37
38
39
40
41
42
43
44
45
46
47
48
49
50
51
52
53
54
55
56
57
58
59
60
61
Saved video to experiments/example_inference/PnPMicrowaveToCounter_demo_20.mp4
JSON file 'experiments/example_inference/multi_environment_experiment_record.json' updated successfully.
0
1
2
3
4
5
6
7
8
9
10
11
12
13
14
15
16
17
18
19
20
21
22
23
24
25
26
27
28
29
30
31
32
33
34
35
36
37
38
39
40
41
42
43
44
45
46
47
48
49
50
51
52
53
54
55
56
57
58
59
60
61
Saved video to experiments/example_inference/PnPMicrowaveToCounter_demo_21.mp4
JSON file 'experiments/example_inference/multi_environment_experiment_record.json' updated successfully.
0
1
2
3
4
5
6
7
8
9
10
11
12
13
14
15
16
17
18
19
20
21
22
23
24
25
26
27
28
29
30
31
32
33
34
35
36
37
38
39
40
41
42
43
44
45
46
47
48
49
50
[robosuite INFO] Loading controller configuration from: /home/hanan/dev/videopolicy/packages/robosuite/robosuite/controllers/config/robots/default_pandaomron.json (composite_controller_factory.py:121)
INFO:robosuite_logs:Loading controller configuration from: /home/hanan/dev/videopolicy/packages/robosuite/robosuite/controllers/config/robots/default_pandaomron.json
[robosuite INFO] Loading controller configuration from: /home/hanan/dev/videopolicy/packages/robosuite/robosuite/controllers/config/robots/default_pandaomron.json (composite_controller_factory.py:121)
INFO:robosuite_logs:Loading controller configuration from: /home/hanan/dev/videopolicy/packages/robosuite/robosuite/controllers/config/robots/default_pandaomron.json
[robosuite INFO] Loading controller configuration from: /home/hanan/dev/videopolicy/packages/robosuite/robosuite/controllers/config/robots/default_pandaomron.json (composite_controller_factory.py:121)
INFO:robosuite_logs:Loading controller configuration from: /home/hanan/dev/videopolicy/packages/robosuite/robosuite/controllers/config/robots/default_pandaomron.json
[robosuite INFO] Loading controller configuration from: /home/hanan/dev/videopolicy/packages/robosuite/robosuite/controllers/config/robots/default_pandaomron.json (composite_controller_factory.py:121)
INFO:robosuite_logs:Loading controller configuration from: /home/hanan/dev/videopolicy/packages/robosuite/robosuite/controllers/config/robots/default_pandaomron.json
[robosuite INFO] Loading controller configuration from: /home/hanan/dev/videopolicy/packages/robosuite/robosuite/controllers/config/robots/default_pandaomron.json (composite_controller_factory.py:121)
INFO:robosuite_logs:Loading controller configuration from: /home/hanan/dev/videopolicy/packages/robosuite/robosuite/controllers/config/robots/default_pandaomron.json
[robosuite INFO] Loading controller configuration from: /home/hanan/dev/videopolicy/packages/robosuite/robosuite/controllers/config/robots/default_pandaomron.json (composite_controller_factory.py:121)
INFO:robosuite_logs:Loading controller configuration from: /home/hanan/dev/videopolicy/packages/robosuite/robosuite/controllers/config/robots/default_pandaomron.json
[robosuite INFO] Loading controller configuration from: /home/hanan/dev/videopolicy/packages/robosuite/robosuite/controllers/config/robots/default_pandaomron.json (composite_controller_factory.py:121)
INFO:robosuite_logs:Loading controller configuration from: /home/hanan/dev/videopolicy/packages/robosuite/robosuite/controllers/config/robots/default_pandaomron.json
[robosuite INFO] Loading controller configuration from: /home/hanan/dev/videopolicy/packages/robosuite/robosuite/controllers/config/robots/default_pandaomron.json (composite_controller_factory.py:121)
INFO:robosuite_logs:Loading controller configuration from: /home/hanan/dev/videopolicy/packages/robosuite/robosuite/controllers/config/robots/default_pandaomron.json
[robosuite INFO] Loading controller configuration from: /home/hanan/dev/videopolicy/packages/robosuite/robosuite/controllers/config/robots/default_pandaomron.json (composite_controller_factory.py:121)
INFO:robosuite_logs:Loading controller configuration from: /home/hanan/dev/videopolicy/packages/robosuite/robosuite/controllers/config/robots/default_pandaomron.json
[robosuite INFO] Loading controller configuration from: /home/hanan/dev/videopolicy/packages/robosuite/robosuite/controllers/config/robots/default_pandaomron.json (composite_controller_factory.py:121)
INFO:robosuite_logs:Loading controller configuration from: /home/hanan/dev/videopolicy/packages/robosuite/robosuite/controllers/config/robots/default_pandaomron.json
[robosuite INFO] Loading controller configuration from: /home/hanan/dev/videopolicy/packages/robosuite/robosuite/controllers/config/robots/default_pandaomron.json (composite_controller_factory.py:121)
INFO:robosuite_logs:Loading controller configuration from: /home/hanan/dev/videopolicy/packages/robosuite/robosuite/controllers/config/robots/default_pandaomron.json
[robosuite INFO] Loading controller configuration from: /home/hanan/dev/videopolicy/packages/robosuite/robosuite/controllers/config/robots/default_pandaomron.json (composite_controller_factory.py:121)
INFO:robosuite_logs:Loading controller configuration from: /home/hanan/dev/videopolicy/packages/robosuite/robosuite/controllers/config/robots/default_pandaomron.json
[robosuite INFO] Loading controller configuration from: /home/hanan/dev/videopolicy/packages/robosuite/robosuite/controllers/config/robots/default_pandaomron.json (composite_controller_factory.py:121)
INFO:robosuite_logs:Loading controller configuration from: /home/hanan/dev/videopolicy/packages/robosuite/robosuite/controllers/config/robots/default_pandaomron.json
[robosuite INFO] Loading controller configuration from: /home/hanan/dev/videopolicy/packages/robosuite/robosuite/controllers/config/robots/default_pandaomron.json (composite_controller_factory.py:121)
INFO:robosuite_logs:Loading controller configuration from: /home/hanan/dev/videopolicy/packages/robosuite/robosuite/controllers/config/robots/default_pandaomron.json
[robosuite INFO] Loading controller configuration from: /home/hanan/dev/videopolicy/packages/robosuite/robosuite/controllers/config/robots/default_pandaomron.json (composite_controller_factory.py:121)
INFO:robosuite_logs:Loading controller configuration from: /home/hanan/dev/videopolicy/packages/robosuite/robosuite/controllers/config/robots/default_pandaomron.json
[robosuite INFO] Loading controller configuration from: /home/hanan/dev/videopolicy/packages/robosuite/robosuite/controllers/config/robots/default_pandaomron.json (composite_controller_factory.py:121)
INFO:robosuite_logs:Loading controller configuration from: /home/hanan/dev/videopolicy/packages/robosuite/robosuite/controllers/config/robots/default_pandaomron.json
[robosuite INFO] Loading controller configuration from: /home/hanan/dev/videopolicy/packages/robosuite/robosuite/controllers/config/robots/default_pandaomron.json (composite_controller_factory.py:121)
INFO:robosuite_logs:Loading controller configuration from: /home/hanan/dev/videopolicy/packages/robosuite/robosuite/controllers/config/robots/default_pandaomron.json
[robosuite INFO] Loading controller configuration from: /home/hanan/dev/videopolicy/packages/robosuite/robosuite/controllers/config/robots/default_pandaomron.json (composite_controller_factory.py:121)
INFO:robosuite_logs:Loading controller configuration from: /home/hanan/dev/videopolicy/packages/robosuite/robosuite/controllers/config/robots/default_pandaomron.json
[robosuite INFO] Loading controller configuration from: /home/hanan/dev/videopolicy/packages/robosuite/robosuite/controllers/config/robots/default_pandaomron.json (composite_controller_factory.py:121)
INFO:robosuite_logs:Loading controller configuration from: /home/hanan/dev/videopolicy/packages/robosuite/robosuite/controllers/config/robots/default_pandaomron.json
[robosuite INFO] Loading controller configuration from: /home/hanan/dev/videopolicy/packages/robosuite/robosuite/controllers/config/robots/default_pandaomron.json (composite_controller_factory.py:121)
INFO:robosuite_logs:Loading controller configuration from: /home/hanan/dev/videopolicy/packages/robosuite/robosuite/controllers/config/robots/default_pandaomron.json
[robosuite INFO] Loading controller configuration from: /home/hanan/dev/videopolicy/packages/robosuite/robosuite/controllers/config/robots/default_pandaomron.json (composite_controller_factory.py:121)
INFO:robosuite_logs:Loading controller configuration from: /home/hanan/dev/videopolicy/packages/robosuite/robosuite/controllers/config/robots/default_pandaomron.json
[robosuite INFO] Loading controller configuration from: /home/hanan/dev/videopolicy/packages/robosuite/robosuite/controllers/config/robots/default_pandaomron.json (composite_controller_factory.py:121)
INFO:robosuite_logs:Loading controller configuration from: /home/hanan/dev/videopolicy/packages/robosuite/robosuite/controllers/config/robots/default_pandaomron.json
[robosuite INFO] Loading controller configuration from: /home/hanan/dev/videopolicy/packages/robosuite/robosuite/controllers/config/robots/default_pandaomron.json (composite_controller_factory.py:121)
INFO:robosuite_logs:Loading controller configuration from: /home/hanan/dev/videopolicy/packages/robosuite/robosuite/controllers/config/robots/default_pandaomron.json
51
52
53
54
55
56
57
58
59
60
61
Saved video to experiments/example_inference/PnPMicrowaveToCounter_demo_22.mp4
JSON file 'experiments/example_inference/multi_environment_experiment_record.json' updated successfully.
0
1
2
3
4
5
6
7
8
9
10
11
12
13
14
15
16
17
18
19
20
21
22
23
24
25
26
27
28
29
30
31
32
33
34
35
36
37
38
39
40
41
42
43
44
45
46
47
48
49
50
51
52
53
54
55
56
57
58
59
60
61
Saved video to experiments/example_inference/PnPMicrowaveToCounter_demo_23.mp4
JSON file 'experiments/example_inference/multi_environment_experiment_record.json' updated successfully.
0
1
2
3
4
5
6
7
8
9
10
11
12
13
14
15
16
17
18
19
20
21
22
23
24
25
26
27
28
29
30
31
32
33
34
35
36
37
38
39
40
41
42
43
44
45
46
47
48
49
50
51
52
53
54
55
56
57
58
59
60
61
Saved video to experiments/example_inference/PnPMicrowaveToCounter_demo_24.mp4
JSON file 'experiments/example_inference/multi_environment_experiment_record.json' updated successfully.
0
1
2
3
4
5
6
7
8
9
10
11
12
13
14
15
16
17
18
19
20
21
22
23
24
25
26
27
28
29
30
31
32
33
34
35
36
37
38
39
40
41
42
43
44
45
46
47
48
49
50
51
52
53
54
55
56
57
58
59
60
61
Saved video to experiments/example_inference/PnPMicrowaveToCounter_demo_25.mp4
JSON file 'experiments/example_inference/multi_environment_experiment_record.json' updated successfully.
0
1
2
3
4
5
6
7
8
9
10
11
12
13
14
15
16
17
18
19
20
21
22
23
24
25
26
27
28
29
30
31
32
33
34
35
36
37
38
39
40
41
42
43
44
45
46
47
48
49
50
51
52
53
54
55
56
57
58
59
60
61
Saved video to experiments/example_inference/PnPMicrowaveToCounter_demo_26.mp4
JSON file 'experiments/example_inference/multi_environment_experiment_record.json' updated successfully.
0
1
2
3
4
5
6
7
8
9
10
11
12
13
14
15
16
17
18
19
20
21
22
23
24
25
26
27
28
29
30
31
32
33
34
35
36
37
38
39
40
41
42
43
44
45
46
47
48
49
50
51
52
53
54
55
56
57
58
59
60
61
Saved video to experiments/example_inference/PnPMicrowaveToCounter_demo_27.mp4
JSON file 'experiments/example_inference/multi_environment_experiment_record.json' updated successfully.
0
1
2
3
4
5
6
7
8
9
10
11
12
13
14
15
16
17
18
19
20
21
22
23
24
25
26
27
28
29
30
31
32
33
34
35
36
37
38
39
40
41
42
43
44
45
46
47
48
49
50
51
52
53
54
55
56
57
58
59
60
61
Saved video to experiments/example_inference/PnPMicrowaveToCounter_demo_28.mp4
JSON file 'experiments/example_inference/multi_environment_experiment_record.json' updated successfully.
0
1
2
3
4
5
6
7
8
9
10
11
12
13
14
15
16
17
18
19
20
21
22
23
24
25
26
27
28
29
30
31
32
33
34
35
36
37
38
39
40
41
42
43
44
45
46
47
48
49
50
51
52
53
54
55
56
57
58
59
60
61
Saved video to experiments/example_inference/PnPMicrowaveToCounter_demo_29.mp4
JSON file 'experiments/example_inference/multi_environment_experiment_record.json' updated successfully.
0
1
2
3
4
5
6
7
8
9
10
11
12
13
14
15
16
17
18
19
20
21
22
23
24
25
26
27
28
29
30
31
32
33
34
35
36
37
38
39
40
41
42
43
44
45
46
47
48
49
50
51
52
53
54
55
56
57
58
59
60
61
Saved video to experiments/example_inference/PnPMicrowaveToCounter_demo_30.mp4
JSON file 'experiments/example_inference/multi_environment_experiment_record.json' updated successfully.
0
1
2
3
4
5
6
7
8
9
10
11
12
13
14
15
16
17
18
19
20
21
22
23
24
25
26
27
28
29
30
31
32
33
34
35
36
37
38
39
40
41
42
43
44
45
46
47
48
49
50
51
52
53
54
55
56
57
58
59
60
61
Saved video to experiments/example_inference/PnPMicrowaveToCounter_demo_31.mp4
JSON file 'experiments/example_inference/multi_environment_experiment_record.json' updated successfully.
0
1
2
3
4
5
6
7
8
9
10
11
12
13
14
15
16
17
18
19
20
21
22
23
24
25
26
27
28
29
30
31
32
33
34
35
36
37
38
39
40
41
42
43
44
45
46
47
48
49
50
51
52
53
54
55
56
57
58
59
60
61
Saved video to experiments/example_inference/PnPMicrowaveToCounter_demo_32.mp4
JSON file 'experiments/example_inference/multi_environment_experiment_record.json' updated successfully.
0
1
2
3
4
5
6
7
8
9
10
11
12
13
14
15
16
17
18
19
20
21
22
23
24
25
26
27
28
29
30
31
32
33
34
35
36
37
38
39
40
41
42
43
44
45
46
47
48
49
50
51
52
53
54
55
56
57
58
59
60
61
Saved video to experiments/example_inference/PnPMicrowaveToCounter_demo_33.mp4
JSON file 'experiments/example_inference/multi_environment_experiment_record.json' updated successfully.
0
1
2
3
4
5
6
7
8
9
10
11
12
13
14
15
16
17
18
19
20
21
22
23
24
25
26
27
28
29
30
31
32
33
34
35
36
37
38
39
40
41
42
43
44
45
46
47
48
49
50
51
52
53
54
55
56
57
58
59
60
61
Saved video to experiments/example_inference/PnPMicrowaveToCounter_demo_34.mp4
JSON file 'experiments/example_inference/multi_environment_experiment_record.json' updated successfully.
0
1
2
3
4
5
6
7
8
9
10
11
12
13
14
15
16
17
18
19
20
21
22
23
24
25
26
27
28
29
30
31
32
33
34
35
36
37
38
39
40
41
42
43
44
45
46
47
48
49
50
51
52
53
54
55
56
57
58
59
60
61
Saved video to experiments/example_inference/PnPMicrowaveToCounter_demo_35.mp4
JSON file 'experiments/example_inference/multi_environment_experiment_record.json' updated successfully.
0
1
2
3
4
5
6
7
8
9
10
11
12
13
14
15
16
17
18
19
20
21
22
23
24
25
26
27
28
29
30
31
32
33
34
35
36
37
38
39
40
41
42
43
44
45
46
47
48
49
50
51
52
53
54
55
56
57
58
59
60
61
Saved video to experiments/example_inference/PnPMicrowaveToCounter_demo_36.mp4
JSON file 'experiments/example_inference/multi_environment_experiment_record.json' updated successfully.
0
1
2
3
4
5
6
7
8
9
10
11
12
13
14
15
16
17
18
19
20
21
22
23
24
25
26
27
28
29
30
31
32
33
34
35
36
37
38
39
40
41
42
43
44
45
46
47
48
49
50
51
52
53
54
55
56
57
58
59
60
61
Saved video to experiments/example_inference/PnPMicrowaveToCounter_demo_37.mp4
JSON file 'experiments/example_inference/multi_environment_experiment_record.json' updated successfully.
0
1
2
3
4
5
6
7
8
9
10
11
12
13
14
15
16
17
18
19
20
21
22
23
24
25
26
27
28
29
30
31
32
33
34
35
36
37
38
39
40
41
42
43
44
45
46
47
48
49
50
51
52
53
54
55
56
57
58
59
60
61
Saved video to experiments/example_inference/PnPMicrowaveToCounter_demo_38.mp4
JSON file 'experiments/example_inference/multi_environment_experiment_record.json' updated successfully.
0
1
2
3
4
5
6
7
8
9
10
11
12
13
14
15
16
17
18
19
20
21
22
23
24
25
26
27
28
29
30
31
32
33
34
35
36
37
38
39
40
41
42
43
44
45
46
47
48
49
50
51
52
53
54
55
56
57
58
59
60
61
Saved video to experiments/example_inference/PnPMicrowaveToCounter_demo_39.mp4
JSON file 'experiments/example_inference/multi_environment_experiment_record.json' updated successfully.
0
1
2
3
4
5
6
7
8
9
10
11
12
13
14
15
16
17
18
19
20
21
22
23
24
25
26
27
28
29
30
31
32
33
34
35
36
37
38
39
40
41
42
43
44
45
46
47
48
49
50
51
52
53
54
55
56
57
58
59
60
61
Saved video to experiments/example_inference/PnPMicrowaveToCounter_demo_40.mp4
JSON file 'experiments/example_inference/multi_environment_experiment_record.json' updated successfully.
0
1
2
3
4
5
6
7
8
9
10
11
12
13
14
15
16
17
18
19
20
21
22
23
24
25
26
27
28
29
30
31
32
33
34
35
36
37
38
39
40
41
42
43
44
45
46
47
48
49
50
51
52
53
54
55
56
57
58
59
60
61
Saved video to experiments/example_inference/PnPMicrowaveToCounter_demo_41.mp4
JSON file 'experiments/example_inference/multi_environment_experiment_record.json' updated successfully.
0
1
2
3
4
5
6
7
8
9
10
11
12
13
14
15
16
17
18
19
20
21
22
23
24
25
26
27
28
29
30
31
32
33
34
35
36
37
38
39
40
41
42
43
44
45
46
47
48
49
50
51
52
53
54
55
56
57
58
59
60
61
Saved video to experiments/example_inference/PnPMicrowaveToCounter_demo_42.mp4
JSON file 'experiments/example_inference/multi_environment_experiment_record.json' updated successfully.
0
1
2
3
4
5
6
7
8
9
10
11
12
13
14
15
16
17
18
19
20
21
22
23
24
25
26
27
28
29
30
31
32
33
34
35
36
37
38
39
40
41
42
43
44
45
46
47
48
49
50
51
52
53
54
55
56
57
58
59
60
61
Saved video to experiments/example_inference/PnPMicrowaveToCounter_demo_43.mp4
JSON file 'experiments/example_inference/multi_environment_experiment_record.json' updated successfully.
0
1
2
3
4
5
6
7
8
9
10
11
12
13
14
15
16
17
18
19
20
21
22
23
24
25
26
27
28
29
30
31
32
33
34
35
36
37
38
39
40
41
42
43
44
45
46
47
48
49
50
51
52
53
54
55
56
57
58
59
60
61
Saved video to experiments/example_inference/PnPMicrowaveToCounter_demo_44.mp4
JSON file 'experiments/example_inference/multi_environment_experiment_record.json' updated successfully.
0
1
2
3
4
5
6
7
8
9
10
11
12
13
14
15
16
17
18
19
20
21[robosuite INFO] Loading controller configuration from: /home/hanan/dev/videopolicy/packages/robosuite/robosuite/controllers/config/robots/default_pandaomron.json (composite_controller_factory.py:121)
INFO:robosuite_logs:Loading controller configuration from: /home/hanan/dev/videopolicy/packages/robosuite/robosuite/controllers/config/robots/default_pandaomron.json
[robosuite INFO] Loading controller configuration from: /home/hanan/dev/videopolicy/packages/robosuite/robosuite/controllers/config/robots/default_pandaomron.json (composite_controller_factory.py:121)
INFO:robosuite_logs:Loading controller configuration from: /home/hanan/dev/videopolicy/packages/robosuite/robosuite/controllers/config/robots/default_pandaomron.json
[robosuite INFO] Loading controller configuration from: /home/hanan/dev/videopolicy/packages/robosuite/robosuite/controllers/config/robots/default_pandaomron.json (composite_controller_factory.py:121)
INFO:robosuite_logs:Loading controller configuration from: /home/hanan/dev/videopolicy/packages/robosuite/robosuite/controllers/config/robots/default_pandaomron.json
[robosuite INFO] Loading controller configuration from: /home/hanan/dev/videopolicy/packages/robosuite/robosuite/controllers/config/robots/default_pandaomron.json (composite_controller_factory.py:121)
INFO:robosuite_logs:Loading controller configuration from: /home/hanan/dev/videopolicy/packages/robosuite/robosuite/controllers/config/robots/default_pandaomron.json
[robosuite INFO] Loading controller configuration from: /home/hanan/dev/videopolicy/packages/robosuite/robosuite/controllers/config/robots/default_pandaomron.json (composite_controller_factory.py:121)
INFO:robosuite_logs:Loading controller configuration from: /home/hanan/dev/videopolicy/packages/robosuite/robosuite/controllers/config/robots/default_pandaomron.json
[robosuite INFO] Loading controller configuration from: /home/hanan/dev/videopolicy/packages/robosuite/robosuite/controllers/config/robots/default_pandaomron.json (composite_controller_factory.py:121)
INFO:robosuite_logs:Loading controller configuration from: /home/hanan/dev/videopolicy/packages/robosuite/robosuite/controllers/config/robots/default_pandaomron.json
[robosuite INFO] Loading controller configuration from: /home/hanan/dev/videopolicy/packages/robosuite/robosuite/controllers/config/robots/default_pandaomron.json (composite_controller_factory.py:121)
INFO:robosuite_logs:Loading controller configuration from: /home/hanan/dev/videopolicy/packages/robosuite/robosuite/controllers/config/robots/default_pandaomron.json
[robosuite INFO] Loading controller configuration from: /home/hanan/dev/videopolicy/packages/robosuite/robosuite/controllers/config/robots/default_pandaomron.json (composite_controller_factory.py:121)
INFO:robosuite_logs:Loading controller configuration from: /home/hanan/dev/videopolicy/packages/robosuite/robosuite/controllers/config/robots/default_pandaomron.json
[robosuite INFO] Loading controller configuration from: /home/hanan/dev/videopolicy/packages/robosuite/robosuite/controllers/config/robots/default_pandaomron.json (composite_controller_factory.py:121)
INFO:robosuite_logs:Loading controller configuration from: /home/hanan/dev/videopolicy/packages/robosuite/robosuite/controllers/config/robots/default_pandaomron.json
[robosuite INFO] Loading controller configuration from: /home/hanan/dev/videopolicy/packages/robosuite/robosuite/controllers/config/robots/default_pandaomron.json (composite_controller_factory.py:121)
INFO:robosuite_logs:Loading controller configuration from: /home/hanan/dev/videopolicy/packages/robosuite/robosuite/controllers/config/robots/default_pandaomron.json
[robosuite INFO] Loading controller configuration from: /home/hanan/dev/videopolicy/packages/robosuite/robosuite/controllers/config/robots/default_pandaomron.json (composite_controller_factory.py:121)
INFO:robosuite_logs:Loading controller configuration from: /home/hanan/dev/videopolicy/packages/robosuite/robosuite/controllers/config/robots/default_pandaomron.json
[robosuite INFO] Loading controller configuration from: /home/hanan/dev/videopolicy/packages/robosuite/robosuite/controllers/config/robots/default_pandaomron.json (composite_controller_factory.py:121)
INFO:robosuite_logs:Loading controller configuration from: /home/hanan/dev/videopolicy/packages/robosuite/robosuite/controllers/config/robots/default_pandaomron.json
[robosuite INFO] Loading controller configuration from: /home/hanan/dev/videopolicy/packages/robosuite/robosuite/controllers/config/robots/default_pandaomron.json (composite_controller_factory.py:121)
INFO:robosuite_logs:Loading controller configuration from: /home/hanan/dev/videopolicy/packages/robosuite/robosuite/controllers/config/robots/default_pandaomron.json
[robosuite INFO] Loading controller configuration from: /home/hanan/dev/videopolicy/packages/robosuite/robosuite/controllers/config/robots/default_pandaomron.json (composite_controller_factory.py:121)
INFO:robosuite_logs:Loading controller configuration from: /home/hanan/dev/videopolicy/packages/robosuite/robosuite/controllers/config/robots/default_pandaomron.json
[robosuite INFO] Loading controller configuration from: /home/hanan/dev/videopolicy/packages/robosuite/robosuite/controllers/config/robots/default_pandaomron.json (composite_controller_factory.py:121)
INFO:robosuite_logs:Loading controller configuration from: /home/hanan/dev/videopolicy/packages/robosuite/robosuite/controllers/config/robots/default_pandaomron.json
[robosuite INFO] Loading controller configuration from: /home/hanan/dev/videopolicy/packages/robosuite/robosuite/controllers/config/robots/default_pandaomron.json (composite_controller_factory.py:121)
INFO:robosuite_logs:Loading controller configuration from: /home/hanan/dev/videopolicy/packages/robosuite/robosuite/controllers/config/robots/default_pandaomron.json
[robosuite INFO] Loading controller configuration from: /home/hanan/dev/videopolicy/packages/robosuite/robosuite/controllers/config/robots/default_pandaomron.json (composite_controller_factory.py:121)
INFO:robosuite_logs:Loading controller configuration from: /home/hanan/dev/videopolicy/packages/robosuite/robosuite/controllers/config/robots/default_pandaomron.json
[robosuite INFO] Loading controller configuration from: /home/hanan/dev/videopolicy/packages/robosuite/robosuite/controllers/config/robots/default_pandaomron.json (composite_controller_factory.py:121)
INFO:robosuite_logs:Loading controller configuration from: /home/hanan/dev/videopolicy/packages/robosuite/robosuite/controllers/config/robots/default_pandaomron.json
[robosuite INFO] Loading controller configuration from: /home/hanan/dev/videopolicy/packages/robosuite/robosuite/controllers/config/robots/default_pandaomron.json (composite_controller_factory.py:121)
INFO:robosuite_logs:Loading controller configuration from: /home/hanan/dev/videopolicy/packages/robosuite/robosuite/controllers/config/robots/default_pandaomron.json
[robosuite INFO] Loading controller configuration from: /home/hanan/dev/videopolicy/packages/robosuite/robosuite/controllers/config/robots/default_pandaomron.json (composite_controller_factory.py:121)
INFO:robosuite_logs:Loading controller configuration from: /home/hanan/dev/videopolicy/packages/robosuite/robosuite/controllers/config/robots/default_pandaomron.json
[robosuite INFO] Loading controller configuration from: /home/hanan/dev/videopolicy/packages/robosuite/robosuite/controllers/config/robots/default_pandaomron.json (composite_controller_factory.py:121)
INFO:robosuite_logs:Loading controller configuration from: /home/hanan/dev/videopolicy/packages/robosuite/robosuite/controllers/config/robots/default_pandaomron.json
[robosuite INFO] Loading controller configuration from: /home/hanan/dev/videopolicy/packages/robosuite/robosuite/controllers/config/robots/default_pandaomron.json (composite_controller_factory.py:121)
INFO:robosuite_logs:Loading controller configuration from: /home/hanan/dev/videopolicy/packages/robosuite/robosuite/controllers/config/robots/default_pandaomron.json

22
23
24
25
26
27
28
29
30
31
32
33
34
35
36
37
38
39
40
41
42
43
44
45
46
47
48
49
50
51
52
53
54
55
56
57
58
59
60
61
Saved video to experiments/example_inference/PnPMicrowaveToCounter_demo_45.mp4
JSON file 'experiments/example_inference/multi_environment_experiment_record.json' updated successfully.
0
1
2
3
4
5
6
7
8
9
10
11
12
13
14
15
16
17
18
19
20
21
22
23
24
25
26
27
28
29
30
31
32
33
34
35
36
37
38
39
40
41
42
43
44
45
46
47
48
49
50
51
52
53
54
55
56
57
58
59
60
61
Saved video to experiments/example_inference/PnPMicrowaveToCounter_demo_46.mp4
JSON file 'experiments/example_inference/multi_environment_experiment_record.json' updated successfully.
0
1
2
3
4
5
6
7
8
9
10
11
12
13
14
15
16
17
18
19
20
21
22
23
24
25
26
27
28
29
30
31
32
33
34
35
36
37
38
39
40
41
42
43
44
45
46
47
48
49
50
51
52
53
54
55
56
57
58
59
60
61
Saved video to experiments/example_inference/PnPMicrowaveToCounter_demo_47.mp4
JSON file 'experiments/example_inference/multi_environment_experiment_record.json' updated successfully.
0
1
2
3
4
5
6
7
8
9
10
11
12
13
14
15
16
17
18
19
20
21
22
23
24
25
26
27
28
29
30
31
32
33
34
35
36
37
38
39
40
41
42
43
44
45
46
47
48
49
50
51
52
53
54
55
56
57
58
59
60
61
Saved video to experiments/example_inference/PnPMicrowaveToCounter_demo_48.mp4
JSON file 'experiments/example_inference/multi_environment_experiment_record.json' updated successfully.
0
1
2
3
4
5
6
7
8
9
10
11
12
13
14
15
16
17
18
19
20
21
22
23
24
25
26
27
28
29
30
31
32
33
34
35
36
37
38
39
40
41
42
43
44
45
46
47
48
49
50
51
52
53
54
55
56
57
58
59
60
61
Saved video to experiments/example_inference/PnPMicrowaveToCounter_demo_49.mp4
JSON file 'experiments/example_inference/multi_environment_experiment_record.json' updated successfully.
Experiment record already exists.
JSON file 'experiments/example_inference/multi_environment_experiment_record.json' updated successfully.
0
1
2
3
4
5
6
7
8
9
10
11
12
13
14
15
16
17
18
19
20
21
22
23
24
25
26
27
28
29
30
31
32
33
34
35
36
37
38
39
40
41
42
43
44
45
46
47
48
49
50
51
52
53
54
55
56
57
58
59
60
61
Saved video to experiments/example_inference/TurnOffMicrowave_demo_0.mp4
JSON file 'experiments/example_inference/multi_environment_experiment_record.json' updated successfully.
0
1
2
3
4
5
6
7
8
9
10
11
12
13
14
15
16
17
18
19
20
21
22
23
24
25
26
27
28
29
30
31
32
33
34
35
36
37
38
39
40
41
42
43
44
45
46
47
48
49
50
51
52
53
54
55
56
57
58
59
60
61
Saved video to experiments/example_inference/TurnOffMicrowave_demo_1.mp4
JSON file 'experiments/example_inference/multi_environment_experiment_record.json' updated successfully.
0
1
2
3
4
5
6
7
8
9
10
11
12
13
14
15
16
17
18
19
20
21
22
23
24
25
26
27
28
29
30
31
32
33
34
35
36
37
38
39
40
41
42
43
44
45
46
47
48
49
50
51
52
53
54
55
56
57
58
59
60
61
Saved video to experiments/example_inference/TurnOffMicrowave_demo_2.mp4
JSON file 'experiments/example_inference/multi_environment_experiment_record.json' updated successfully.
0
1
2
3
4
5
6
7
8
9
10
11
12
13
14
15
16
17
18
19
20
21
22
23
24
25
26
27
28
29
30
31
32
33
34
35
36
37
38
39
40
41
42
43
44
45
46
47
48
49
50
51
52
53
54
55
56
57
58
59
60
61
Saved video to experiments/example_inference/TurnOffMicrowave_demo_3.mp4
JSON file 'experiments/example_inference/multi_environment_experiment_record.json' updated successfully.
0
1
2
3
4
5
6
7
8
9
10
11
12
13
14
15
16
17
18
19
20
21
22
23
24
25
26
27
28
29
30
31
32
33
34
35
36
37
38
39
40
41
42
43
44
45
46
47
48
49
50
51
52
53
54
55
56
57
58
59
60
61
Saved video to experiments/example_inference/TurnOffMicrowave_demo_4.mp4
JSON file 'experiments/example_inference/multi_environment_experiment_record.json' updated successfully.
0
1
2
3
4
5
6
7
8
9
10
11
12
13
14
15
16
17
18
19
20
21
22
23
24
25
26
27
28
29
30
31
32
33
34
35
36
37
38
39
40
41
42
43
44
45
46
47
48
49
50
51
52
53
54
55
56
57
58
59
60
61
Saved video to experiments/example_inference/TurnOffMicrowave_demo_5.mp4
JSON file 'experiments/example_inference/multi_environment_experiment_record.json' updated successfully.
0
1
2
3
4
5
6
7
8
9
10
11
12
13
14
15
16
17
18
19
20
21
22
23
24
25
26
27
28
29
30
31
32
33
34
35
36
37
38
39
40
41
42
43
44
45
46
47
48
49
50
51
52
53
54
55
56
57
58
59
60
61
Saved video to experiments/example_inference/TurnOffMicrowave_demo_6.mp4
JSON file 'experiments/example_inference/multi_environment_experiment_record.json' updated successfully.
0
1
2
3
4
5
6
7
8
9
10
11
12
13
14
15
16
17
18
19
20
21
22
23
24
25
26
27
28
29
30
31
32
33
34
35
36
37
38
39
40
41
42
43
44
45
46
47
48
49
50
51
52
53
54
55
56
57
58
59
60
61
Saved video to experiments/example_inference/TurnOffMicrowave_demo_7.mp4
JSON file 'experiments/example_inference/multi_environment_experiment_record.json' updated successfully.
0
1
2
3
4
5
6
7
8
9
10
11
12
13
14
15
16
17
18
19
20
21
22
23
24
25
26
27
28
29
30
31
32
33
34
35
36
37
38
39
40
41
42
43
44
45
46
47
48
49
50
51
52
53
54
55
56
57
58
59
60
61
Saved video to experiments/example_inference/TurnOffMicrowave_demo_8.mp4
JSON file 'experiments/example_inference/multi_environment_experiment_record.json' updated successfully.
0
1
2
3
4
5
6
7
8
9
10
11
12
13
14
15
16
17
18
19
20
21
22
23
24
25
26
27
28
29
30
31
32
33
34
35
36
37
38
39
40
41
42
43
44
45
46
47
48
49
50
51
52
53
54
55
56
57
58
59
60
61
Saved video to experiments/example_inference/TurnOffMicrowave_demo_9.mp4
JSON file 'experiments/example_inference/multi_environment_experiment_record.json' updated successfully.
0
1
2
3
4
5
6
7
8
9
10
11
12
13
14
15
16
17
18
19
20
21
22
23
24
25
26
27
28
29
30
31
32
33
34
35
36
37
38
39
40
41
42
43
44
45
46
47
48
49
50
51
52
53
54
55
56
57
58
59
60
61
Saved video to experiments/example_inference/TurnOffMicrowave_demo_10.mp4
JSON file 'experiments/example_inference/multi_environment_experiment_record.json' updated successfully.
0
1
2
3
4
5
6
7
8
9
10
11
12
13
14
15
16
17
18
19
20
21
22
23
24
25
26
27
28
29
30
31
32
33
34
35
36
37
38
39
40
41
42
43
44
45
46
47
48
49
50
51
52
53
54
55
56
57
58
59
60
61
Saved video to experiments/example_inference/TurnOffMicrowave_demo_11.mp4
JSON file 'experiments/example_inference/multi_environment_experiment_record.json' updated successfully.
0
1
2
3
4
5
6
7
8
9
10
11
12
13
14
15
16
17
18
19
20
21
22
23
24
25
26
27
28
29
30
31
32
33
34
35
36
37
38
39
40
41
42
43
44
45
46
47
48
49
50
51
52
53
54
55
56
57
58
59
60
61
Saved video to experiments/example_inference/TurnOffMicrowave_demo_12.mp4
JSON file 'experiments/example_inference/multi_environment_experiment_record.json' updated successfully.
0
1
2
3
4
5
6
7
8
9
10
11
12
13
14
15
16
17
18
19
20
21
22
23
24
25
26
27
28
29
30
31
32
33
34
35
36
37
38
39
40
41
42
43
44
45
46
47
48
49
50
51
52
53
54
55
56
57
58
59
60
61
Saved video to experiments/example_inference/TurnOffMicrowave_demo_13.mp4
JSON file 'experiments/example_inference/multi_environment_experiment_record.json' updated successfully.
0
1
2
3
4
5
6
7
8
9
10
11
12
13
14
15
16
17
18
19
20
21
22
23
24
25
26
27
28
29
30
31
32
33
34
35
36
37
38
39
40
41
42
43
44
45
46
47
48
49
50
51
52
53
54
55
56
57
58
59
60
61
Saved video to experiments/example_inference/TurnOffMicrowave_demo_14.mp4
JSON file 'experiments/example_inference/multi_environment_experiment_record.json' updated successfully.
0
1
2
3
4
5
6
7
8
9
10
11
12
13
14
15
16
17
18
19
20
21
22
23
24
25
26
27
28
29
30
31
32
33
34
35
36
37
38
39
40
41
42
43
44
45
46
47
48
49
50
51
52
53
54
55
56
57
58
59
60
61
Saved video to experiments/example_inference/TurnOffMicrowave_demo_15.mp4
JSON file 'experiments/example_inference/multi_environment_experiment_record.json' updated successfully.
0
1
2
3
4
5
6
7
8
9
10
11
12
13
14
15
16
17
18
19
20
21
22
23
24
25
26
27
28
29
30
31
32
33
34
35
36
37
38
39
40
41
42
43
44
45
46
47
48
49
50
51
52
53
54
55
56
57
58
59
60
61
Saved video to experiments/example_inference/TurnOffMicrowave_demo_16.mp4
JSON file 'experiments/example_inference/multi_environment_experiment_record.json' updated successfully.
0
1
2
3
4
5
6
7
8
9
10
11
12
13
14
15
16
17
18
19
20
21
22
23
24
25
26
27
28
29
30
31
32
33
34
35
36
37
38
39
40
41
42
43
44
45
46
47
48
49
50
51
52
53
54
55
56
57
58
59
60
61
Saved video to experiments/example_inference/TurnOffMicrowave_demo_17.mp4
[robosuite INFO] Loading controller configuration from: /home/hanan/dev/videopolicy/packages/robosuite/robosuite/controllers/config/robots/default_pandaomron.json (composite_controller_factory.py:121)
INFO:robosuite_logs:Loading controller configuration from: /home/hanan/dev/videopolicy/packages/robosuite/robosuite/controllers/config/robots/default_pandaomron.json
[robosuite INFO] Loading controller configuration from: /home/hanan/dev/videopolicy/packages/robosuite/robosuite/controllers/config/robots/default_pandaomron.json (composite_controller_factory.py:121)
INFO:robosuite_logs:Loading controller configuration from: /home/hanan/dev/videopolicy/packages/robosuite/robosuite/controllers/config/robots/default_pandaomron.json
[robosuite INFO] Loading controller configuration from: /home/hanan/dev/videopolicy/packages/robosuite/robosuite/controllers/config/robots/default_pandaomron.json (composite_controller_factory.py:121)
INFO:robosuite_logs:Loading controller configuration from: /home/hanan/dev/videopolicy/packages/robosuite/robosuite/controllers/config/robots/default_pandaomron.json
[robosuite INFO] Loading controller configuration from: /home/hanan/dev/videopolicy/packages/robosuite/robosuite/controllers/config/robots/default_pandaomron.json (composite_controller_factory.py:121)
INFO:robosuite_logs:Loading controller configuration from: /home/hanan/dev/videopolicy/packages/robosuite/robosuite/controllers/config/robots/default_pandaomron.json
[robosuite INFO] Loading controller configuration from: /home/hanan/dev/videopolicy/packages/robosuite/robosuite/controllers/config/robots/default_pandaomron.json (composite_controller_factory.py:121)
INFO:robosuite_logs:Loading controller configuration from: /home/hanan/dev/videopolicy/packages/robosuite/robosuite/controllers/config/robots/default_pandaomron.json
[robosuite INFO] Loading controller configuration from: /home/hanan/dev/videopolicy/packages/robosuite/robosuite/controllers/config/robots/default_pandaomron.json (composite_controller_factory.py:121)
INFO:robosuite_logs:Loading controller configuration from: /home/hanan/dev/videopolicy/packages/robosuite/robosuite/controllers/config/robots/default_pandaomron.json
[robosuite INFO] Loading controller configuration from: /home/hanan/dev/videopolicy/packages/robosuite/robosuite/controllers/config/robots/default_pandaomron.json (composite_controller_factory.py:121)
INFO:robosuite_logs:Loading controller configuration from: /home/hanan/dev/videopolicy/packages/robosuite/robosuite/controllers/config/robots/default_pandaomron.json
